2025-04-01 17:40:12,808 - INFO - >>> [STARTUP] Inicializando pipeline sin RetrievalQA...
2025-04-01 17:40:22,659 - WARNING - From C:\Users\Felipe\anaconda3\envs\MachineLearning\Lib\site-packages\tf_keras\src\losses.py:2976: The name tf.losses.sparse_softmax_cross_entropy is deprecated. Please use tf.compat.v1.losses.sparse_softmax_cross_entropy instead.

2025-04-01 17:40:22,928 - INFO - Use pytorch device_name: cpu
2025-04-01 17:40:22,928 - INFO - Load pretrained SentenceTransformer: sentence-transformers/all-MiniLM-L6-v2
2025-04-01 17:40:25,475 - INFO - Anonymized telemetry enabled. See                     https://docs.trychroma.com/telemetry for more information.
2025-04-01 17:40:26,079 - INFO - Use pytorch device_name: cpu
2025-04-01 17:40:26,080 - INFO - Load pretrained SentenceTransformer: sentence-transformers/all-MiniLM-L6-v2
2025-04-01 17:40:29,139 - INFO - \u2705 [STARTUP] Sistema listo para responder.
2025-04-01 17:41:24,792 - INFO - >>> [STARTUP] Inicializando pipeline sin RetrievalQA...
2025-04-01 17:41:34,100 - WARNING - From C:\Users\Felipe\anaconda3\envs\MachineLearning\Lib\site-packages\tf_keras\src\losses.py:2976: The name tf.losses.sparse_softmax_cross_entropy is deprecated. Please use tf.compat.v1.losses.sparse_softmax_cross_entropy instead.

2025-04-01 17:41:34,374 - INFO - Use pytorch device_name: cpu
2025-04-01 17:41:34,374 - INFO - Load pretrained SentenceTransformer: sentence-transformers/all-MiniLM-L6-v2
2025-04-01 17:41:37,262 - INFO - Anonymized telemetry enabled. See                     https://docs.trychroma.com/telemetry for more information.
2025-04-01 17:41:38,284 - INFO - Use pytorch device_name: cpu
2025-04-01 17:41:38,284 - INFO - Load pretrained SentenceTransformer: sentence-transformers/all-MiniLM-L6-v2
2025-04-01 17:41:42,149 - INFO - \u2705 [STARTUP] Sistema listo para responder.
2025-04-01 17:41:46,516 - INFO - >>> [STARTUP] Inicializando pipeline sin RetrievalQA...
2025-04-01 17:41:55,808 - WARNING - From C:\Users\Felipe\anaconda3\envs\MachineLearning\Lib\site-packages\tf_keras\src\losses.py:2976: The name tf.losses.sparse_softmax_cross_entropy is deprecated. Please use tf.compat.v1.losses.sparse_softmax_cross_entropy instead.

2025-04-01 17:41:56,102 - INFO - Use pytorch device_name: cpu
2025-04-01 17:41:56,102 - INFO - Load pretrained SentenceTransformer: sentence-transformers/all-MiniLM-L6-v2
2025-04-01 17:41:58,454 - INFO - Anonymized telemetry enabled. See                     https://docs.trychroma.com/telemetry for more information.
2025-04-01 17:41:59,114 - INFO - Use pytorch device_name: cpu
2025-04-01 17:41:59,114 - INFO - Load pretrained SentenceTransformer: sentence-transformers/all-MiniLM-L6-v2
2025-04-01 17:42:01,540 - INFO - \u2705 [STARTUP] Sistema listo para responder.
2025-04-01 17:43:01,534 - INFO - >>> [STARTUP] Inicializando pipeline sin RetrievalQA...
2025-04-01 17:43:10,438 - WARNING - From C:\Users\Felipe\anaconda3\envs\MachineLearning\Lib\site-packages\tf_keras\src\losses.py:2976: The name tf.losses.sparse_softmax_cross_entropy is deprecated. Please use tf.compat.v1.losses.sparse_softmax_cross_entropy instead.

2025-04-01 17:43:10,630 - INFO - Use pytorch device_name: cpu
2025-04-01 17:43:10,630 - INFO - Load pretrained SentenceTransformer: sentence-transformers/all-MiniLM-L6-v2
2025-04-01 17:43:12,892 - INFO - Anonymized telemetry enabled. See                     https://docs.trychroma.com/telemetry for more information.
2025-04-01 17:43:13,468 - INFO - Use pytorch device_name: cpu
2025-04-01 17:43:13,468 - INFO - Load pretrained SentenceTransformer: sentence-transformers/all-MiniLM-L6-v2
2025-04-01 17:43:15,989 - INFO - \u2705 [STARTUP] Sistema listo para responder.
